<?xml version="1.0" encoding="UTF-8"?>
<testsuite xmlns:xsi="http://www.w3.org/2001/XMLSchema-instance" xsi:schemaLocation="https://maven.apache.org/surefire/maven-surefire-plugin/xsd/surefire-test-report.xsd" name="testCases.LoginTest" time="1.075" tests="2" errors="0" skipped="1" failures="1">
  <properties>
[...]
</properties>
  <testcase name="setUp" classname="testCases.LoginTest" time="0.384">
    <failure message="The driver executable does not exist: /Users/shruthishan/Downloads/chromedriver" type="java.lang.IllegalStateException">java.lang.IllegalStateException: The driver executable does not exist: /Users/shruthishan/Downloads/chromedriver
	at testCases.LoginTest.setUp(LoginTest.java:11)
</failure>
  </testcase>
  <testcase name="loginPageTitleTest" classname="testCases.LoginTest" time="0">
    <skipped message="The driver executable does not exist: /Users/shruthishan/Downloads/chromedriver"/>
  </testcase>
</testsuite>